Sending to 5 prospect(s)...

  ✓ Titan Worldwide Inc <rkraft@titanworldwide.net>
  ✓ Farrow Group Inc <tfarrow@farrow.com>
  ✓ Global Reefer Carriers Inc. <mchen@globalreefer.com>
  ✓ Cool Runnings Express Inc. <cthompson@coolrunningsexpress.com>
  ✓ Pacific Coast Customs Brokers & Freight Forwarders <mkinkaid@pccbff.com>

Done. sent=5 failed=0
Auto-sent 5 email(s).
Sending to 5 prospect(s)...

  ✓ Atlantic Perishable Logistics <msullivan@atlanticperishable.com>
  ✓ AgroLogistics International <sjohnson@agrologistics.com>
  ✓ CoolCargo Forwarding Services <jwalsh@coolcargousa.com>
  ✓ Green Valley Logistics Group <apeterson@greenvalleylog.com>
  ✓ Fresh Cargo Solutions <dkim@freshcargosolutions.com>

Done. sent=5 failed=0
Auto-sent 5 email(s).
Sending to 5 prospect(s)...

  ✓ Triboro Perishable Logistics Inc. <rpatel@triborolog.com>
  ✓ Tropical Cargo Solutions Inc. <jmartinez@tropicalcargo.com>
  ✓ Gulf Coast Cold Chain <srodriguez@gulfcoldchain.com>
  ✓ Hudson Valley Cold Storage Forwarding <emartinez@hudsoncoldforward.com>
  ✓ Pacific Fresh Forwarding <kpark@pacificfreshfwd.com>

Done. sent=5 failed=0
Auto-sent 5 email(s).
Sending to 5 prospect(s)...

  ✓ Fresh Freight Logistics LLC <mrodriguez@freshfreightlog.com>
  ✓ FreshLink International Freight <dkim@freshlinkcargo.com>
  ✓ Gulf Coast Cold Chain Logistics <rwilliams@gulfcoldchain.com>
  ✓ Metro Fresh Freight LLC <arusso@metrofreshfreight.com>
  ✓ Fresh Link International <srodriguez@freshlinkintl.com>

Done. sent=5 failed=0
Auto-sent 5 email(s).
Sending to 5 prospect(s)...

  ✓ ChillChain Logistics USA <mstevens@chillchainusa.com>
  ✓ CoolRunnings Logistics Inc. <mchen@coolrunningslogistics.com>
  ✓ Tropicana Freight Services LLC <cramirez@tropicanafreight.com>
  ✓ Gulf Coast Perishables Inc. <rmartinez@gulfcoastperishables.com>
  ✓ Atlantic Reefer Logistics LLC <dpatterson@atlanticreefer.com>

Done. sent=5 failed=0
Auto-sent 5 email(s).
Sending to 3 prospect(s)...

  ✓ Southeast Fresh Forwarding <athompson@southeastfresh.com>
  ✓ Aegean Customs Brokers <dmitri@example.com>
  ✓ FreshPort Imports <info@example.com>

Done. sent=3 failed=0
Auto-sent 3 email(s).
No Approved prospects to send.
No Approved prospects to send.
No Approved prospects to send.
